<?xml version="1.0" encoding="UTF-8"?>
<!-- Generated by org.testng.reporters.JUnitReportReporter -->
<testsuite hostname="LAPTOP-2FHUEGT3" failures="0" tests="1" name="Object.MainPage" time="258.063" errors="0" timestamp="2024-05-16T17:04:08 IST" skipped="0">
  <testcase classname="Object.MainPage" name="mainExecutionMethod" time="258.063"/>
  <system-out/>
</testsuite> <!-- Object.MainPage -->
